2018-01-03 18:08:33,582 - root - WARNING - logger warning message
2018-01-03 18:08:33,605 - root - ERROR - logger error message
2018-01-03 18:08:33,606 - root - CRITICAL - logger critical message
2018-01-03 18:08:33,607 - mylogger - INFO - logger1 info message
2018-01-03 18:08:33,607 - mylogger - INFO - logger1 info message
2018-01-03 18:08:33,607 - mylogger - WARNING - logger1 warning message
2018-01-03 18:08:33,607 - mylogger - WARNING - logger1 warning message
2018-01-03 18:08:33,607 - mylogger - ERROR - logger1 error message
2018-01-03 18:08:33,607 - mylogger - ERROR - logger1 error message
2018-01-03 18:08:33,608 - mylogger - CRITICAL - logger1 critical message
2018-01-03 18:08:33,608 - mylogger - CRITICAL - logger1 critical message
2018-01-03 18:08:33,608 - mylogger - INFO - logger2 info message
2018-01-03 18:08:33,608 - mylogger - INFO - logger2 info message
2018-01-03 18:08:33,609 - mylogger - WARNING - logger2 warning message
2018-01-03 18:08:33,609 - mylogger - WARNING - logger2 warning message
2018-01-03 18:08:33,609 - mylogger - ERROR - logger2 error message
2018-01-03 18:08:33,609 - mylogger - ERROR - logger2 error message
2018-01-03 18:08:33,609 - mylogger - CRITICAL - logger2 critical message
2018-01-03 18:08:33,609 - mylogger - CRITICAL - logger2 critical message
2018-01-03 18:08:33,609 - mylogger.child1 - WARNING - logger3 warning message
2018-01-03 18:08:33,609 - mylogger.child1 - WARNING - logger3 warning message
2018-01-03 18:08:33,609 - mylogger.child1 - WARNING - logger3 warning message
2018-01-03 18:08:33,610 - mylogger.child1 - ERROR - logger3 error message
2018-01-03 18:08:33,610 - mylogger.child1 - ERROR - logger3 error message
2018-01-03 18:08:33,610 - mylogger.child1 - ERROR - logger3 error message
2018-01-03 18:08:33,610 - mylogger.child1 - CRITICAL - logger3 critical message
2018-01-03 18:08:33,610 - mylogger.child1 - CRITICAL - logger3 critical message
2018-01-03 18:08:33,610 - mylogger.child1 - CRITICAL - logger3 critical message
2018-01-03 18:08:33,610 - mylogger.child1.child2 - DEBUG - logger4 debug message
2018-01-03 18:08:33,610 - mylogger.child1.child2 - DEBUG - logger4 debug message
2018-01-03 18:08:33,610 - mylogger.child1.child2 - DEBUG - logger4 debug message
2018-01-03 18:08:33,610 - mylogger.child1.child2 - DEBUG - logger4 debug message
2018-01-03 18:08:33,611 - mylogger.child1.child2 - INFO - logger4 info message
2018-01-03 18:08:33,611 - mylogger.child1.child2 - INFO - logger4 info message
2018-01-03 18:08:33,611 - mylogger.child1.child2 - INFO - logger4 info message
2018-01-03 18:08:33,611 - mylogger.child1.child2 - INFO - logger4 info message
2018-01-03 18:08:33,611 - mylogger.child1.child2 - WARNING - logger4 warning message
2018-01-03 18:08:33,611 - mylogger.child1.child2 - WARNING - logger4 warning message
2018-01-03 18:08:33,611 - mylogger.child1.child2 - WARNING - logger4 warning message
2018-01-03 18:08:33,611 - mylogger.child1.child2 - WARNING - logger4 warning message
2018-01-03 18:08:33,612 - mylogger.child1.child2 - ERROR - logger4 error message
2018-01-03 18:08:33,612 - mylogger.child1.child2 - ERROR - logger4 error message
2018-01-03 18:08:33,612 - mylogger.child1.child2 - ERROR - logger4 error message
2018-01-03 18:08:33,612 - mylogger.child1.child2 - ERROR - logger4 error message
2018-01-03 18:08:33,613 - mylogger.child1.child2 - CRITICAL - logger4 critical message
2018-01-03 18:08:33,613 - mylogger.child1.child2 - CRITICAL - logger4 critical message
2018-01-03 18:08:33,613 - mylogger.child1.child2 - CRITICAL - logger4 critical message
2018-01-03 18:08:33,613 - mylogger.child1.child2 - CRITICAL - logger4 critical message
2018-01-03 18:08:33,614 - mylogger.child1.child2.child3 - DEBUG - logger5 debug message
2018-01-03 18:08:33,614 - mylogger.child1.child2.child3 - DEBUG - logger5 debug message
2018-01-03 18:08:33,614 - mylogger.child1.child2.child3 - DEBUG - logger5 debug message
2018-01-03 18:08:33,614 - mylogger.child1.child2.child3 - DEBUG - logger5 debug message
2018-01-03 18:08:33,614 - mylogger.child1.child2.child3 - DEBUG - logger5 debug message
2018-01-03 18:08:33,614 - mylogger.child1.child2.child3 - INFO - logger5 info message
2018-01-03 18:08:33,614 - mylogger.child1.child2.child3 - INFO - logger5 info message
2018-01-03 18:08:33,614 - mylogger.child1.child2.child3 - INFO - logger5 info message
2018-01-03 18:08:33,614 - mylogger.child1.child2.child3 - INFO - logger5 info message
2018-01-03 18:08:33,614 - mylogger.child1.child2.child3 - INFO - logger5 info message
2018-01-03 18:08:33,615 - mylogger.child1.child2.child3 - WARNING - logger5 warning message
2018-01-03 18:08:33,615 - mylogger.child1.child2.child3 - WARNING - logger5 warning message
2018-01-03 18:08:33,615 - mylogger.child1.child2.child3 - WARNING - logger5 warning message
2018-01-03 18:08:33,615 - mylogger.child1.child2.child3 - WARNING - logger5 warning message
2018-01-03 18:08:33,615 - mylogger.child1.child2.child3 - WARNING - logger5 warning message
2018-01-03 18:08:33,616 - mylogger.child1.child2.child3 - ERROR - logger5 error message
2018-01-03 18:08:33,616 - mylogger.child1.child2.child3 - ERROR - logger5 error message
2018-01-03 18:08:33,616 - mylogger.child1.child2.child3 - ERROR - logger5 error message
2018-01-03 18:08:33,616 - mylogger.child1.child2.child3 - ERROR - logger5 error message
2018-01-03 18:08:33,616 - mylogger.child1.child2.child3 - ERROR - logger5 error message
2018-01-03 18:08:33,618 - mylogger.child1.child2.child3 - CRITICAL - logger5 critical message
2018-01-03 18:08:33,618 - mylogger.child1.child2.child3 - CRITICAL - logger5 critical message
2018-01-03 18:08:33,618 - mylogger.child1.child2.child3 - CRITICAL - logger5 critical message
2018-01-03 18:08:33,618 - mylogger.child1.child2.child3 - CRITICAL - logger5 critical message
2018-01-03 18:08:33,618 - mylogger.child1.child2.child3 - CRITICAL - logger5 critical message
